{"/home/iman/workspace/card-games/src/index.js": {"path":"/home/iman/workspace/card-games/src/index.js","statementMap":{"0":{"start":{"line":7,"column":0},"end":{"line":7,"column":56}}},"fnMap":{},"branchMap":{},"s":{"0":0},"f":{},"b":{}}
,"/home/iman/workspace/card-games/src/components/card/card.js": {"path":"/home/iman/workspace/card-games/src/components/card/card.js","statementMap":{"0":{"start":{"line":4,"column":26},"end":{"line":4,"column":39}},"1":{"start":{"line":5,"column":19},"end":{"line":5,"column":35}},"2":{"start":{"line":6,"column":28},"end":{"line":6,"column":31}},"3":{"start":{"line":11,"column":8},"end":{"line":11,"column":16}},"4":{"start":{"line":12,"column":8},"end":{"line":12,"column":46}},"5":{"start":{"line":16,"column":8},"end":{"line":16,"column":48}},"6":{"start":{"line":20,"column":8},"end":{"line":20,"column":67}},"7":{"start":{"line":20,"column":40},"end":{"line":20,"column":67}},"8":{"start":{"line":21,"column":8},"end":{"line":21,"column":67}},"9":{"start":{"line":26,"column":8},"end":{"line":28,"column":9}},"10":{"start":{"line":27,"column":12},"end":{"line":27,"column":55}},"11":{"start":{"line":30,"column":8},"end":{"line":30,"column":81}},"12":{"start":{"line":35,"column":8},"end":{"line":37,"column":9}},"13":{"start":{"line":36,"column":12},"end":{"line":36,"column":34}},"14":{"start":{"line":38,"column":8},"end":{"line":38,"column":60}},"15":{"start":{"line":43,"column":9},"end":{"line":45,"column":9}},"16":{"start":{"line":44,"column":12},"end":{"line":44,"column":22}},"17":{"start":{"line":46,"column":7},"end":{"line":46,"column":31}},"18":{"start":{"line":47,"column":8},"end":{"line":47,"column":91}},"19":{"start":{"line":52,"column":9},"end":{"line":54,"column":9}},"20":{"start":{"line":53,"column":12},"end":{"line":53,"column":22}},"21":{"start":{"line":55,"column":8},"end":{"line":55,"column":91}},"22":{"start":{"line":59,"column":8},"end":{"line":59,"column":69}},"23":{"start":{"line":60,"column":9},"end":{"line":60,"column":54}},"24":{"start":{"line":64,"column":8},"end":{"line":64,"column":35}},"25":{"start":{"line":65,"column":8},"end":{"line":71,"column":10}}},"fnMap":{"0":{"name":"(anonymous_0)","decl":{"start":{"line":10,"column":4},"end":{"line":10,"column":5}},"loc":{"start":{"line":10,"column":23},"end":{"line":13,"column":5}},"line":10},"1":{"name":"(anonymous_1)","decl":{"start":{"line":15,"column":4},"end":{"line":15,"column":5}},"loc":{"start":{"line":15,"column":37},"end":{"line":17,"column":5}},"line":15},"2":{"name":"(anonymous_2)","decl":{"start":{"line":19,"column":4},"end":{"line":19,"column":5}},"loc":{"start":{"line":19,"column":21},"end":{"line":23,"column":5}},"line":19},"3":{"name":"(anonymous_3)","decl":{"start":{"line":25,"column":4},"end":{"line":25,"column":5}},"loc":{"start":{"line":25,"column":28},"end":{"line":31,"column":5}},"line":25},"4":{"name":"(anonymous_4)","decl":{"start":{"line":33,"column":4},"end":{"line":33,"column":5}},"loc":{"start":{"line":34,"column":4},"end":{"line":39,"column":5}},"line":34},"5":{"name":"(anonymous_5)","decl":{"start":{"line":42,"column":4},"end":{"line":42,"column":5}},"loc":{"start":{"line":42,"column":29},"end":{"line":48,"column":5}},"line":42},"6":{"name":"(anonymous_6)","decl":{"start":{"line":51,"column":4},"end":{"line":51,"column":5}},"loc":{"start":{"line":51,"column":29},"end":{"line":56,"column":5}},"line":51},"7":{"name":"(anonymous_7)","decl":{"start":{"line":58,"column":4},"end":{"line":58,"column":5}},"loc":{"start":{"line":58,"column":21},"end":{"line":61,"column":5}},"line":58},"8":{"name":"(anonymous_8)","decl":{"start":{"line":63,"column":4},"end":{"line":63,"column":5}},"loc":{"start":{"line":63,"column":13},"end":{"line":72,"column":5}},"line":63}},"branchMap":{"0":{"loc":{"start":{"line":20,"column":8},"end":{"line":20,"column":67}},"type":"if","locations":[{"start":{"line":20,"column":8},"end":{"line":20,"column":67}},{"start":{"line":20,"column":8},"end":{"line":20,"column":67}}],"line":20},"1":{"loc":{"start":{"line":26,"column":8},"end":{"line":28,"column":9}},"type":"if","locations":[{"start":{"line":26,"column":8},"end":{"line":28,"column":9}},{"start":{"line":26,"column":8},"end":{"line":28,"column":9}}],"line":26},"2":{"loc":{"start":{"line":26,"column":12},"end":{"line":26,"column":69}},"type":"binary-expr","locations":[{"start":{"line":26,"column":12},"end":{"line":26,"column":30}},{"start":{"line":26,"column":34},"end":{"line":26,"column":50}},{"start":{"line":26,"column":54},"end":{"line":26,"column":69}}],"line":26},"3":{"loc":{"start":{"line":35,"column":8},"end":{"line":37,"column":9}},"type":"if","locations":[{"start":{"line":35,"column":8},"end":{"line":37,"column":9}},{"start":{"line":35,"column":8},"end":{"line":37,"column":9}}],"line":35},"4":{"loc":{"start":{"line":35,"column":12},"end":{"line":35,"column":80}},"type":"binary-expr","locations":[{"start":{"line":35,"column":12},"end":{"line":35,"column":30}},{"start":{"line":35,"column":34},"end":{"line":35,"column":50}},{"start":{"line":35,"column":54},"end":{"line":35,"column":80}}],"line":35},"5":{"loc":{"start":{"line":43,"column":9},"end":{"line":45,"column":9}},"type":"if","locations":[{"start":{"line":43,"column":9},"end":{"line":45,"column":9}},{"start":{"line":43,"column":9},"end":{"line":45,"column":9}}],"line":43},"6":{"loc":{"start":{"line":43,"column":13},"end":{"line":43,"column":43}},"type":"binary-expr","locations":[{"start":{"line":43,"column":13},"end":{"line":43,"column":26}},{"start":{"line":43,"column":30},"end":{"line":43,"column":43}}],"line":43},"7":{"loc":{"start":{"line":52,"column":9},"end":{"line":54,"column":9}},"type":"if","locations":[{"start":{"line":52,"column":9},"end":{"line":54,"column":9}},{"start":{"line":52,"column":9},"end":{"line":54,"column":9}}],"line":52}},"s":{"0":0,"1":0,"2":0,"3":0,"4":0,"5":0,"6":0,"7":0,"8":0,"9":0,"10":0,"11":0,"12":0,"13":0,"14":0,"15":0,"16":0,"17":0,"18":0,"19":0,"20":0,"21":0,"22":0,"23":0,"24":0,"25":0},"f":{"0":0,"1":0,"2":0,"3":0,"4":0,"5":0,"6":0,"7":0,"8":0},"b":{"0":[0,0],"1":[0,0],"2":[0,0,0],"3":[0,0],"4":[0,0,0],"5":[0,0],"6":[0,0],"7":[0,0]}}
,"/home/iman/workspace/card-games/src/components/deck/deck.js": {"path":"/home/iman/workspace/card-games/src/components/deck/deck.js","statementMap":{"0":{"start":{"line":5,"column":17},"end":{"line":5,"column":19}},"1":{"start":{"line":6,"column":17},"end":{"line":6,"column":19}},"2":{"start":{"line":13,"column":2},"end":{"line":13,"column":10}},"3":{"start":{"line":14,"column":2},"end":{"line":14,"column":40}},"4":{"start":{"line":19,"column":20},"end":{"line":19,"column":47}},"5":{"start":{"line":20,"column":20},"end":{"line":20,"column":47}},"6":{"start":{"line":22,"column":33},"end":{"line":22,"column":68}},"7":{"start":{"line":23,"column":26},"end":{"line":23,"column":129}},"8":{"start":{"line":24,"column":26},"end":{"line":24,"column":127}},"9":{"start":{"line":26,"column":5},"end":{"line":28,"column":6}},"10":{"start":{"line":27,"column":6},"end":{"line":27,"column":82}},"11":{"start":{"line":31,"column":5},"end":{"line":31,"column":101}},"12":{"start":{"line":33,"column":8},"end":{"line":34,"column":122}},"13":{"start":{"line":39,"column":23},"end":{"line":39,"column":50}},"14":{"start":{"line":40,"column":5},"end":{"line":40,"column":67}},"15":{"start":{"line":41,"column":5},"end":{"line":41,"column":49}},"16":{"start":{"line":43,"column":5},"end":{"line":43,"column":57}},"17":{"start":{"line":45,"column":5},"end":{"line":45,"column":51}},"18":{"start":{"line":50,"column":24},"end":{"line":50,"column":97}},"19":{"start":{"line":50,"column":62},"end":{"line":50,"column":96}},"20":{"start":{"line":52,"column":8},"end":{"line":52,"column":47}},"21":{"start":{"line":54,"column":8},"end":{"line":54,"column":39}}},"fnMap":{"0":{"name":"(anonymous_0)","decl":{"start":{"line":12,"column":1},"end":{"line":12,"column":2}},"loc":{"start":{"line":12,"column":20},"end":{"line":15,"column":2}},"line":12},"1":{"name":"(anonymous_1)","decl":{"start":{"line":18,"column":4},"end":{"line":18,"column":5}},"loc":{"start":{"line":18,"column":38},"end":{"line":35,"column":5}},"line":18},"2":{"name":"(anonymous_2)","decl":{"start":{"line":37,"column":4},"end":{"line":37,"column":5}},"loc":{"start":{"line":37,"column":27},"end":{"line":47,"column":5}},"line":37},"3":{"name":"(anonymous_3)","decl":{"start":{"line":49,"column":4},"end":{"line":49,"column":5}},"loc":{"start":{"line":49,"column":13},"end":{"line":55,"column":5}},"line":49},"4":{"name":"(anonymous_4)","decl":{"start":{"line":50,"column":45},"end":{"line":50,"column":46}},"loc":{"start":{"line":50,"column":62},"end":{"line":50,"column":96}},"line":50}},"branchMap":{"0":{"loc":{"start":{"line":19,"column":20},"end":{"line":19,"column":47}},"type":"cond-expr","locations":[{"start":{"line":19,"column":35},"end":{"line":19,"column":43}},{"start":{"line":19,"column":46},"end":{"line":19,"column":47}}],"line":19},"1":{"loc":{"start":{"line":20,"column":20},"end":{"line":20,"column":47}},"type":"cond-expr","locations":[{"start":{"line":20,"column":35},"end":{"line":20,"column":43}},{"start":{"line":20,"column":46},"end":{"line":20,"column":47}}],"line":20},"2":{"loc":{"start":{"line":22,"column":33},"end":{"line":22,"column":68}},"type":"cond-expr","locations":[{"start":{"line":22,"column":54},"end":{"line":22,"column":63}},{"start":{"line":22,"column":66},"end":{"line":22,"column":68}}],"line":22},"3":{"loc":{"start":{"line":23,"column":26},"end":{"line":23,"column":129}},"type":"cond-expr","locations":[{"start":{"line":23,"column":46},"end":{"line":23,"column":104}},{"start":{"line":23,"column":107},"end":{"line":23,"column":129}}],"line":23},"4":{"loc":{"start":{"line":24,"column":26},"end":{"line":24,"column":127}},"type":"cond-expr","locations":[{"start":{"line":24,"column":46},"end":{"line":24,"column":103}},{"start":{"line":24,"column":106},"end":{"line":24,"column":127}}],"line":24},"5":{"loc":{"start":{"line":26,"column":5},"end":{"line":28,"column":6}},"type":"if","locations":[{"start":{"line":26,"column":5},"end":{"line":28,"column":6}},{"start":{"line":26,"column":5},"end":{"line":28,"column":6}}],"line":26}},"s":{"0":0,"1":0,"2":0,"3":0,"4":0,"5":0,"6":0,"7":0,"8":0,"9":0,"10":0,"11":0,"12":0,"13":0,"14":0,"15":0,"16":0,"17":0,"18":0,"19":0,"20":0,"21":0},"f":{"0":0,"1":0,"2":0,"3":0,"4":0},"b":{"0":[0,0],"1":[0,0],"2":[0,0],"3":[0,0],"4":[0,0],"5":[0,0]}}
,"/home/iman/workspace/card-games/src/containers/App.js": {"path":"/home/iman/workspace/card-games/src/containers/App.js","statementMap":{"0":{"start":{"line":10,"column":24},"end":{"line":10,"column":40}},"1":{"start":{"line":13,"column":8},"end":{"line":21,"column":55}},"2":{"start":{"line":21,"column":28},"end":{"line":21,"column":53}},"3":{"start":{"line":23,"column":8},"end":{"line":23,"column":105}}},"fnMap":{"0":{"name":"(anonymous_0)","decl":{"start":{"line":8,"column":4},"end":{"line":8,"column":5}},"loc":{"start":{"line":8,"column":14},"end":{"line":30,"column":5}},"line":8},"1":{"name":"(anonymous_1)","decl":{"start":{"line":21,"column":18},"end":{"line":21,"column":19}},"loc":{"start":{"line":21,"column":28},"end":{"line":21,"column":53}},"line":21}},"branchMap":{},"s":{"0":0,"1":0,"2":0,"3":0},"f":{"0":0,"1":0},"b":{}}
,"/home/iman/workspace/card-games/src/games/mark/play-mark.js": {"path":"/home/iman/workspace/card-games/src/games/mark/play-mark.js","statementMap":{},"fnMap":{},"branchMap":{},"s":{},"f":{},"b":{}}
,"/home/iman/workspace/card-games/src/games/varaq/decks.constants.js": {"path":"/home/iman/workspace/card-games/src/games/varaq/decks.constants.js","statementMap":{"0":{"start":{"line":3,"column":29},"end":{"line":56,"column":1}}},"fnMap":{},"branchMap":{},"s":{"0":1},"f":{},"b":{},"_coverageSchema":"43e27e138ebf9cfc5966b082cf9a028302ed4184","hash":"6526d46be96cff85ab1823a19dfed77b2bb18f6a"}
,"/home/iman/workspace/card-games/src/games/varaq/shuffle.js": {"path":"/home/iman/workspace/card-games/src/games/varaq/shuffle.js","statementMap":{"0":{"start":{"line":5,"column":24},"end":{"line":5,"column":39}},"1":{"start":{"line":6,"column":19},"end":{"line":6,"column":56}},"2":{"start":{"line":7,"column":19},"end":{"line":7,"column":53}},"3":{"start":{"line":9,"column":17},"end":{"line":9,"column":19}},"4":{"start":{"line":10,"column":24},"end":{"line":10,"column":25}},"5":{"start":{"line":11,"column":24},"end":{"line":11,"column":25}},"6":{"start":{"line":13,"column":4},"end":{"line":26,"column":5}},"7":{"start":{"line":14,"column":22},"end":{"line":14,"column":37}},"8":{"start":{"line":15,"column":22},"end":{"line":15,"column":37}},"9":{"start":{"line":17,"column":8},"end":{"line":20,"column":9}},"10":{"start":{"line":17,"column":20},"end":{"line":17,"column":21}},"11":{"start":{"line":18,"column":12},"end":{"line":18,"column":35}},"12":{"start":{"line":19,"column":12},"end":{"line":19,"column":27}},"13":{"start":{"line":22,"column":8},"end":{"line":25,"column":9}},"14":{"start":{"line":22,"column":20},"end":{"line":22,"column":21}},"15":{"start":{"line":23,"column":12},"end":{"line":23,"column":35}},"16":{"start":{"line":24,"column":12},"end":{"line":24,"column":27}},"17":{"start":{"line":28,"column":4},"end":{"line":28,"column":18}},"18":{"start":{"line":32,"column":24},"end":{"line":32,"column":49}},"19":{"start":{"line":33,"column":17},"end":{"line":33,"column":54}},"20":{"start":{"line":34,"column":17},"end":{"line":34,"column":51}},"21":{"start":{"line":36,"column":4},"end":{"line":36,"column":33}},"22":{"start":{"line":40,"column":20},"end":{"line":40,"column":45}},"23":{"start":{"line":41,"column":20},"end":{"line":41,"column":37}},"24":{"start":{"line":42,"column":21},"end":{"line":42,"column":50}},"25":{"start":{"line":43,"column":21},"end":{"line":43,"column":51}},"26":{"start":{"line":44,"column":21},"end":{"line":44,"column":47}},"27":{"start":{"line":45,"column":8},"end":{"line":45,"column":52}},"28":{"start":{"line":49,"column":17},"end":{"line":49,"column":21}},"29":{"start":{"line":50,"column":4},"end":{"line":52,"column":5}},"30":{"start":{"line":50,"column":16},"end":{"line":50,"column":17}},"31":{"start":{"line":51,"column":8},"end":{"line":51,"column":30}},"32":{"start":{"line":54,"column":4},"end":{"line":54,"column":18}},"33":{"start":{"line":58,"column":17},"end":{"line":58,"column":21}},"34":{"start":{"line":59,"column":4},"end":{"line":61,"column":5}},"35":{"start":{"line":59,"column":16},"end":{"line":59,"column":17}},"36":{"start":{"line":60,"column":8},"end":{"line":60,"column":30}},"37":{"start":{"line":63,"column":4},"end":{"line":63,"column":18}},"38":{"start":{"line":67,"column":17},"end":{"line":67,"column":21}},"39":{"start":{"line":68,"column":4},"end":{"line":70,"column":5}},"40":{"start":{"line":68,"column":16},"end":{"line":68,"column":17}},"41":{"start":{"line":69,"column":8},"end":{"line":69,"column":30}},"42":{"start":{"line":72,"column":4},"end":{"line":72,"column":18}}},"fnMap":{"0":{"name":"ferr","decl":{"start":{"line":4,"column":16},"end":{"line":4,"column":20}},"loc":{"start":{"line":4,"column":26},"end":{"line":29,"column":1}},"line":4},"1":{"name":"morr","decl":{"start":{"line":31,"column":16},"end":{"line":31,"column":20}},"loc":{"start":{"line":31,"column":26},"end":{"line":37,"column":1}},"line":31},"2":{"name":"borr","decl":{"start":{"line":39,"column":16},"end":{"line":39,"column":20}},"loc":{"start":{"line":39,"column":26},"end":{"line":46,"column":1}},"line":39},"3":{"name":"ferrShuffle","decl":{"start":{"line":48,"column":16},"end":{"line":48,"column":27}},"loc":{"start":{"line":48,"column":44},"end":{"line":55,"column":1}},"line":48},"4":{"name":"borrShuffle","decl":{"start":{"line":57,"column":16},"end":{"line":57,"column":27}},"loc":{"start":{"line":57,"column":44},"end":{"line":64,"column":1}},"line":57},"5":{"name":"morrShuffle","decl":{"start":{"line":66,"column":16},"end":{"line":66,"column":27}},"loc":{"start":{"line":66,"column":44},"end":{"line":73,"column":1}},"line":66}},"branchMap":{"0":{"loc":{"start":{"line":13,"column":10},"end":{"line":13,"column":48}},"type":"binary-expr","locations":[{"start":{"line":13,"column":10},"end":{"line":13,"column":27}},{"start":{"line":13,"column":31},"end":{"line":13,"column":48}}],"line":13},"1":{"loc":{"start":{"line":17,"column":23},"end":{"line":17,"column":55}},"type":"binary-expr","locations":[{"start":{"line":17,"column":23},"end":{"line":17,"column":34}},{"start":{"line":17,"column":38},"end":{"line":17,"column":55}}],"line":17},"2":{"loc":{"start":{"line":22,"column":23},"end":{"line":22,"column":55}},"type":"binary-expr","locations":[{"start":{"line":22,"column":23},"end":{"line":22,"column":34}},{"start":{"line":22,"column":38},"end":{"line":22,"column":55}}],"line":22},"3":{"loc":{"start":{"line":48,"column":34},"end":{"line":48,"column":43}},"type":"default-arg","locations":[{"start":{"line":48,"column":42},"end":{"line":48,"column":43}}],"line":48},"4":{"loc":{"start":{"line":57,"column":34},"end":{"line":57,"column":43}},"type":"default-arg","locations":[{"start":{"line":57,"column":42},"end":{"line":57,"column":43}}],"line":57},"5":{"loc":{"start":{"line":66,"column":34},"end":{"line":66,"column":43}},"type":"default-arg","locations":[{"start":{"line":66,"column":42},"end":{"line":66,"column":43}}],"line":66}},"s":{"0":4,"1":4,"2":4,"3":4,"4":4,"5":4,"6":4,"7":117,"8":117,"9":117,"10":117,"11":104,"12":104,"13":117,"14":117,"15":104,"16":104,"17":4,"18":0,"19":0,"20":0,"21":0,"22":6,"23":6,"24":6,"25":6,"26":6,"27":6,"28":2,"29":2,"30":2,"31":4,"32":2,"33":2,"34":2,"35":2,"36":6,"37":2,"38":0,"39":0,"40":0,"41":0,"42":0},"f":{"0":4,"1":0,"2":6,"3":2,"4":2,"5":0},"b":{"0":[121,14],"1":[221,109],"2":[221,105],"3":[2],"4":[2],"5":[0]},"_coverageSchema":"43e27e138ebf9cfc5966b082cf9a028302ed4184","hash":"e979203bd5233c3bfecd229d47aa51ee243aed73"}
,"/home/iman/workspace/card-games/src/games/varaq/varaq.constants.js": {"path":"/home/iman/workspace/card-games/src/games/varaq/varaq.constants.js","statementMap":{"0":{"start":{"line":1,"column":30},"end":{"line":6,"column":1}},"1":{"start":{"line":8,"column":32},"end":{"line":22,"column":1}}},"fnMap":{},"branchMap":{},"s":{"0":1,"1":1},"f":{},"b":{},"_coverageSchema":"43e27e138ebf9cfc5966b082cf9a028302ed4184","hash":"2e30be2bfc95852598f2766e7c923dc463beda3c"}
,"/home/iman/workspace/card-games/src/server/index.js": {"path":"/home/iman/workspace/card-games/src/server/index.js","statementMap":{"0":{"start":{"line":3,"column":12},"end":{"line":3,"column":21}},"1":{"start":{"line":4,"column":13},"end":{"line":4,"column":17}},"2":{"start":{"line":6,"column":0},"end":{"line":6,"column":53}},"3":{"start":{"line":6,"column":27},"end":{"line":6,"column":51}},"4":{"start":{"line":8,"column":0},"end":{"line":8,"column":89}},"5":{"start":{"line":8,"column":23},"end":{"line":8,"column":87}}},"fnMap":{"0":{"name":"(anonymous_0)","decl":{"start":{"line":6,"column":13},"end":{"line":6,"column":14}},"loc":{"start":{"line":6,"column":27},"end":{"line":6,"column":51}},"line":6},"1":{"name":"(anonymous_1)","decl":{"start":{"line":8,"column":17},"end":{"line":8,"column":18}},"loc":{"start":{"line":8,"column":23},"end":{"line":8,"column":87}},"line":8}},"branchMap":{},"s":{"0":0,"1":0,"2":0,"3":0,"4":0,"5":0},"f":{"0":0,"1":0},"b":{}}
,"/home/iman/workspace/card-games/src/structures/cards-stack.js": {"path":"/home/iman/workspace/card-games/src/structures/cards-stack.js","statementMap":{"0":{"start":{"line":4,"column":2},"end":{"line":4,"column":16}},"1":{"start":{"line":5,"column":2},"end":{"line":5,"column":19}},"2":{"start":{"line":6,"column":2},"end":{"line":6,"column":61}},"3":{"start":{"line":10,"column":16},"end":{"line":10,"column":39}},"4":{"start":{"line":11,"column":2},"end":{"line":11,"column":27}},"5":{"start":{"line":16,"column":2},"end":{"line":16,"column":44}},"6":{"start":{"line":21,"column":2},"end":{"line":21,"column":20}}},"fnMap":{"0":{"name":"(anonymous_0)","decl":{"start":{"line":3,"column":1},"end":{"line":3,"column":2}},"loc":{"start":{"line":3,"column":30},"end":{"line":7,"column":2}},"line":3},"1":{"name":"(anonymous_1)","decl":{"start":{"line":9,"column":1},"end":{"line":9,"column":2}},"loc":{"start":{"line":9,"column":21},"end":{"line":12,"column":2}},"line":9},"2":{"name":"(anonymous_2)","decl":{"start":{"line":15,"column":1},"end":{"line":15,"column":2}},"loc":{"start":{"line":15,"column":17},"end":{"line":17,"column":2}},"line":15},"3":{"name":"(anonymous_3)","decl":{"start":{"line":20,"column":1},"end":{"line":20,"column":2}},"loc":{"start":{"line":20,"column":10},"end":{"line":22,"column":2}},"line":20}},"branchMap":{},"s":{"0":0,"1":0,"2":0,"3":0,"4":0,"5":0,"6":0},"f":{"0":0,"1":0,"2":0,"3":0},"b":{}}
,"/home/iman/workspace/card-games/src/utils/clone.js": {"path":"/home/iman/workspace/card-games/src/utils/clone.js","statementMap":{"0":{"start":{"line":1,"column":25},"end":{"line":1,"column":83}},"1":{"start":{"line":1,"column":42},"end":{"line":1,"column":83}}},"fnMap":{"0":{"name":"(anonymous_0)","decl":{"start":{"line":1,"column":25},"end":{"line":1,"column":26}},"loc":{"start":{"line":1,"column":42},"end":{"line":1,"column":83}},"line":1}},"branchMap":{},"s":{"0":1,"1":26},"f":{"0":26},"b":{},"_coverageSchema":"43e27e138ebf9cfc5966b082cf9a028302ed4184","hash":"84a8b3810f8f1c99baba3395195e5bd9172ebfd2"}
,"/home/iman/workspace/card-games/src/utils/random.js": {"path":"/home/iman/workspace/card-games/src/utils/random.js","statementMap":{"0":{"start":{"line":2,"column":2},"end":{"line":2,"column":53}}},"fnMap":{"0":{"name":"getRandomInt","decl":{"start":{"line":1,"column":16},"end":{"line":1,"column":28}},"loc":{"start":{"line":1,"column":34},"end":{"line":3,"column":1}},"line":1}},"branchMap":{},"s":{"0":246},"f":{"0":246},"b":{},"_coverageSchema":"43e27e138ebf9cfc5966b082cf9a028302ed4184","hash":"f73fb0da8978ba3ce5d900acf4e558d0d3245b18"}
}
