TN:
SF:/home/iman/workspace/card-games/src/index.js
FNF:0
FNH:0
DA:7,0
LF:1
LH:0
BRF:0
BRH:0
end_of_record
TN:
SF:/home/iman/workspace/card-games/src/components/card/card.js
FN:10,(anonymous_0)
FN:15,(anonymous_1)
FN:19,(anonymous_2)
FN:25,(anonymous_3)
FN:33,(anonymous_4)
FN:42,(anonymous_5)
FN:51,(anonymous_6)
FN:58,(anonymous_7)
FN:63,(anonymous_8)
FNF:9
FNH:0
FNDA:0,(anonymous_0)
FNDA:0,(anonymous_1)
FNDA:0,(anonymous_2)
FNDA:0,(anonymous_3)
FNDA:0,(anonymous_4)
FNDA:0,(anonymous_5)
FNDA:0,(anonymous_6)
FNDA:0,(anonymous_7)
FNDA:0,(anonymous_8)
DA:4,0
DA:5,0
DA:6,0
DA:11,0
DA:12,0
DA:16,0
DA:20,0
DA:21,0
DA:26,0
DA:27,0
DA:30,0
DA:35,0
DA:36,0
DA:38,0
DA:43,0
DA:44,0
DA:46,0
DA:47,0
DA:52,0
DA:53,0
DA:55,0
DA:59,0
DA:60,0
DA:64,0
DA:65,0
LF:25
LH:0
BRDA:20,0,0,0
BRDA:20,0,1,0
BRDA:26,1,0,0
BRDA:26,1,1,0
BRDA:26,2,0,0
BRDA:26,2,1,0
BRDA:26,2,2,0
BRDA:35,3,0,0
BRDA:35,3,1,0
BRDA:35,4,0,0
BRDA:35,4,1,0
BRDA:35,4,2,0
BRDA:43,5,0,0
BRDA:43,5,1,0
BRDA:43,6,0,0
BRDA:43,6,1,0
BRDA:52,7,0,0
BRDA:52,7,1,0
BRF:18
BRH:0
end_of_record
TN:
SF:/home/iman/workspace/card-games/src/components/deck/deck.js
FN:12,(anonymous_0)
FN:18,(anonymous_1)
FN:37,(anonymous_2)
FN:49,(anonymous_3)
FN:50,(anonymous_4)
FNF:5
FNH:0
FNDA:0,(anonymous_0)
FNDA:0,(anonymous_1)
FNDA:0,(anonymous_2)
FNDA:0,(anonymous_3)
FNDA:0,(anonymous_4)
DA:5,0
DA:6,0
DA:13,0
DA:14,0
DA:19,0
DA:20,0
DA:22,0
DA:23,0
DA:24,0
DA:26,0
DA:27,0
DA:31,0
DA:33,0
DA:39,0
DA:40,0
DA:41,0
DA:43,0
DA:45,0
DA:50,0
DA:52,0
DA:54,0
LF:21
LH:0
BRDA:19,0,0,0
BRDA:19,0,1,0
BRDA:20,1,0,0
BRDA:20,1,1,0
BRDA:22,2,0,0
BRDA:22,2,1,0
BRDA:23,3,0,0
BRDA:23,3,1,0
BRDA:24,4,0,0
BRDA:24,4,1,0
BRDA:26,5,0,0
BRDA:26,5,1,0
BRF:12
BRH:0
end_of_record
TN:
SF:/home/iman/workspace/card-games/src/containers/App.js
FN:8,(anonymous_0)
FN:21,(anonymous_1)
FNF:2
FNH:0
FNDA:0,(anonymous_0)
FNDA:0,(anonymous_1)
DA:10,0
DA:13,0
DA:21,0
DA:23,0
LF:4
LH:0
BRF:0
BRH:0
end_of_record
TN:
SF:/home/iman/workspace/card-games/src/games/mark/play-mark.js
FNF:0
FNH:0
LF:0
LH:0
BRF:0
BRH:0
end_of_record
TN:
SF:/home/iman/workspace/card-games/src/games/varaq/decks.constants.js
FNF:0
FNH:0
DA:3,1
LF:1
LH:1
BRF:0
BRH:0
end_of_record
TN:
SF:/home/iman/workspace/card-games/src/games/varaq/shuffle.js
FN:4,ferr
FN:31,morr
FN:39,borr
FN:48,ferrShuffle
FN:57,borrShuffle
FN:66,morrShuffle
FNF:6
FNH:4
FNDA:4,ferr
FNDA:0,morr
FNDA:6,borr
FNDA:2,ferrShuffle
FNDA:2,borrShuffle
FNDA:0,morrShuffle
DA:5,4
DA:6,4
DA:7,4
DA:9,4
DA:10,4
DA:11,4
DA:13,4
DA:14,117
DA:15,117
DA:17,117
DA:18,104
DA:19,104
DA:22,117
DA:23,104
DA:24,104
DA:28,4
DA:32,0
DA:33,0
DA:34,0
DA:36,0
DA:40,6
DA:41,6
DA:42,6
DA:43,6
DA:44,6
DA:45,6
DA:49,2
DA:50,2
DA:51,4
DA:54,2
DA:58,2
DA:59,2
DA:60,6
DA:63,2
DA:67,0
DA:68,0
DA:69,0
DA:72,0
LF:38
LH:30
BRDA:13,0,0,121
BRDA:13,0,1,14
BRDA:17,1,0,221
BRDA:17,1,1,109
BRDA:22,2,0,221
BRDA:22,2,1,105
BRDA:48,3,0,2
BRDA:57,4,0,2
BRDA:66,5,0,0
BRF:9
BRH:8
end_of_record
TN:
SF:/home/iman/workspace/card-games/src/games/varaq/varaq.constants.js
FNF:0
FNH:0
DA:1,1
DA:8,1
LF:2
LH:2
BRF:0
BRH:0
end_of_record
TN:
SF:/home/iman/workspace/card-games/src/server/index.js
FN:6,(anonymous_0)
FN:8,(anonymous_1)
FNF:2
FNH:0
FNDA:0,(anonymous_0)
FNDA:0,(anonymous_1)
DA:3,0
DA:4,0
DA:6,0
DA:8,0
LF:4
LH:0
BRF:0
BRH:0
end_of_record
TN:
SF:/home/iman/workspace/card-games/src/structures/cards-stack.js
FN:3,(anonymous_0)
FN:9,(anonymous_1)
FN:15,(anonymous_2)
FN:20,(anonymous_3)
FNF:4
FNH:0
FNDA:0,(anonymous_0)
FNDA:0,(anonymous_1)
FNDA:0,(anonymous_2)
FNDA:0,(anonymous_3)
DA:4,0
DA:5,0
DA:6,0
DA:10,0
DA:11,0
DA:16,0
DA:21,0
LF:7
LH:0
BRF:0
BRH:0
end_of_record
TN:
SF:/home/iman/workspace/card-games/src/utils/clone.js
FN:1,(anonymous_0)
FNF:1
FNH:1
FNDA:26,(anonymous_0)
DA:1,26
LF:1
LH:1
BRF:0
BRH:0
end_of_record
TN:
SF:/home/iman/workspace/card-games/src/utils/random.js
FN:1,getRandomInt
FNF:1
FNH:1
FNDA:246,getRandomInt
DA:2,246
LF:1
LH:1
BRF:0
BRH:0
end_of_record
